


ARM Macro Assembler    Page 1 


    1 00000000                 AREA             Demo, CODE, READONLY
    2 00000000                 IMPORT           main
    3 00000000                 EXPORT           start
    4 00000000         
    5 00000000         start
    6 00000000 E59F404C        LDR              R4, =NUMBER ; address
    7 00000004 E3A00003        LDR              R0, =0x3    ; count
    8 00000008 E3A02000        LDR              R2, =0      ; offset
    9 0000000C E3A03000        LDR              R3, =0      ; leadzero total
   10 00000010         
   11 00000010         while
   12 00000010 E3300000        TEQ              R0, #0
   13 00000014 0A00000B        BEQ              endWhile
   14 00000018 E7945102        LDR              R5, [R4, R2, LSL #2]
   15 0000001C E2900000        ADDS             R0, R0, #0
   16 00000020 E3350000        TEQ              R5, #0
   17 00000024 1A000003        BNE              notZero
   18 00000028 E2833020        ADD              R3, R3, #32
   19 0000002C E2822001        ADD              R2, R2, #1
   20 00000030 E2400001        SUB              R0, R0, #1
   21 00000034 EAFFFFF5        B                while
   22 00000038         notZero
   23 00000038 E1B05085        MOVS             R5, R5, LSL #1 ; LSL until carr
                                                            y flag is set
   24 0000003C 2A000001        BCS              endCLZ      ;
   25 00000040 E2833001        ADD              R3, R3, #1  ; while(!carryFlag)
                                                            
   26 00000044 EAFFFFFB        B                notZero     ; result =+ 1;
   27 00000048         endCLZ
   28 00000048         
   29 00000048         endWhile
   30 00000048 E3A04060        MOV              R4, #96
   31 0000004C E0443003        SUB              R3, R4, R3
   32 00000050         
   33 00000050         
   34 00000050 EAFFFFFE 
                       stop    B                stop
   35 00000054         
   36 00000054 00000000        AREA             TestData, DATA, READWRITE
   37 00000000         
   38 00000000 00000003 
                       ASize   DCD              3           ; Number of element
                                                            s in A
   39 00000004 00000000 
              0000FFFF 
              00000000 NUMBER  DCD              0x0,0x0000FFFF,0x0 
                                                            ; Elements of A
   40 00000010         
   41 00000010                 END
Command Line: --debug --xref --apcs=interwork --depend=.\demo.d -o.\demo.o -IC:
\Keil\ARM\RV31\INC -IC:\Keil\ARM\CMSIS\Include -IC:\Keil\ARM\Inc\Philips --pred
efine="__EVAL SETA 1" --predefine="__MICROLIB SETA 1" --predefine="NO_CLOCK_SET
UP SETA 1" --predefine="NO_EMC_SETUP SETA 1" --predefine="RAM_INTVEC SETA 1" --
predefine="RAM_MODE SETA 1" --predefine="REMAP SETA 1" --list=.\demo.lst Demo.s



ARM Macro Assembler    Page 1 Alphabetic symbol ordering
Relocatable symbols

Demo 00000000

Symbol: Demo
   Definitions
      At line 1 in file Demo.s
   Uses
      None
Comment: Demo unused
endCLZ 00000048

Symbol: endCLZ
   Definitions
      At line 27 in file Demo.s
   Uses
      At line 24 in file Demo.s
Comment: endCLZ used once
endWhile 00000048

Symbol: endWhile
   Definitions
      At line 29 in file Demo.s
   Uses
      At line 13 in file Demo.s
Comment: endWhile used once
notZero 00000038

Symbol: notZero
   Definitions
      At line 22 in file Demo.s
   Uses
      At line 17 in file Demo.s
      At line 26 in file Demo.s

start 00000000

Symbol: start
   Definitions
      At line 5 in file Demo.s
   Uses
      At line 3 in file Demo.s
Comment: start used once
stop 00000050

Symbol: stop
   Definitions
      At line 34 in file Demo.s
   Uses
      At line 34 in file Demo.s
Comment: stop used once
while 00000010

Symbol: while
   Definitions
      At line 11 in file Demo.s
   Uses
      At line 21 in file Demo.s
Comment: while used once
7 symbols



ARM Macro Assembler    Page 1 Alphabetic symbol ordering
Relocatable symbols

ASize 00000000

Symbol: ASize
   Definitions
      At line 38 in file Demo.s
   Uses
      None
Comment: ASize unused
NUMBER 00000004

Symbol: NUMBER
   Definitions
      At line 39 in file Demo.s
   Uses
      At line 6 in file Demo.s
Comment: NUMBER used once
TestData 00000000

Symbol: TestData
   Definitions
      At line 36 in file Demo.s
   Uses
      None
Comment: TestData unused
3 symbols



ARM Macro Assembler    Page 1 Alphabetic symbol ordering
External symbols

main 00000000

Symbol: main
   Definitions
      At line 2 in file Demo.s
   Uses
      None
Comment: main unused
1 symbol
350 symbols in table
