


ARM Macro Assembler    Page 1 


    1 00000000                 AREA             Expressions, CODE, READONLY
    2 00000000                 IMPORT           main
    3 00000000                 EXPORT           start
    4 00000000         
    5 00000000         start
    6 00000000 E3A01005        LDR              R1, =5      ; x = 5
    7 00000004 E3A02006        LDR              R2, =6      ; y = 6
    8 00000008         
    9 00000008         ; Startin eq 3x^2 + y stored in R0
   10 00000008 E3A03003        LDR              R3, =3      ; Load the value 3 
                                                            in R3
   11 0000000C E0000191        MUL              R0, R1, R1  ; Square x
   12 00000010 E0000093        MUL              R0, R3, R0  ; Multiply 3 by x^2
                                                            
   13 00000014 E3A03005        LDR              R3, =5      ; Load 5 into R3
   14 00000018 E0030391        MUL              R3, R1, R3  ; Multiply 5 by x a
                                                            nd store in R3
   15 0000001C E0830000        ADD              R0, R3, R0  ;
   16 00000020         
   17 00000020         ; Starging eq 2x^2 + 6xy + 3y^2 stored in R4
   18 00000020 E3A03002        LDR              R3, =2      ; load 2 into R3
   19 00000024 E0040191        MUL              R4, R1, R1  ; Square x
   20 00000028 E0040493        MUL              R4, R3, R4  ; Multiply x^2 by 2
                                                            
   21 0000002C E3A03006        LDR              R3, =6      ; load 6 into R3
   22 00000030 E0050193        MUL              R5, R3, R1  ; Multiply 6 and x
   23 00000034 E0050592        MUL              R5, R2, R5  ; Multiply 6x by y
   24 00000038 E3A03003        LDR              R3, =3      ; load 3 into R3
   25 0000003C E0060292        MUL              R6, R2, R2  ; square y
   26 00000040 E0060693        MUL              R6, R3, R6  ; Multiply y^2 by 3
                                                            
   27 00000044 E0854004        ADD              R4, R5, R4  ; Add 2x^2 and 6xy
   28 00000048 E0864004        ADD              R4, R6, R4
   29 0000004C         
   30 0000004C         ; Starting eq x^3+6xy+8 stored in R5
   31 0000004C E0060191        MUL              R6, R1, R1  ; x^2 stored in R6
   32 00000050 E0070691        MUL              R7, R1, R6  ; (x^2)*x stored in
                                                             R7
   33 00000054 E3A08004        LDR              R8, =4      ; Load 4 into R8
   34 00000058 E0060698        MUL              R6, R8, R6  ; Multiply 4 by x^2
                                                            
   35 0000005C E0030391        MUL              R3, R1, R3  ; Multiply 3 by x
   36 00000060 E0475006        SUB              R5, R7, R6  ; (x^3)-4(x^2) 
   37 00000064 E0855003        ADD              R5, R5, R3  ; ((x^3)-4(x^2))+3x
                                                            
   38 00000068 E3A08008        LDR              R8, =8      ; Load 8 into R8
   39 0000006C E0855008        ADD              R5, R5, R8  ; ((x^3)-4(x^2)+3x)
                                                            +8
   40 00000070         
   41 00000070         
   42 00000070         
   43 00000070         
   44 00000070 EAFFFFFE 
                       stop    B                stop
   45 00000074         
   46 00000074                 END
Command Line: --debug --xref --apcs=interwork --depend=.\expressions.d -o.\expr
essions.o -IC:\Keil\ARM\RV31\INC -IC:\Keil\ARM\CMSIS\Include -IC:\Keil\ARM\Inc\
Philips --predefine="__EVAL SETA 1" --predefine="__MICROLIB SETA 1" --predefine



ARM Macro Assembler    Page 2 


="NO_CLOCK_SETUP SETA 1" --predefine="NO_EMC_SETUP SETA 1" --predefine="RAM_INT
VEC SETA 1" --predefine="RAM_MODE SETA 1" --predefine="REMAP SETA 1" --list=.\e
xpressions.lst Expressions.s



ARM Macro Assembler    Page 1 Alphabetic symbol ordering
Relocatable symbols

Expressions 00000000

Symbol: Expressions
   Definitions
      At line 1 in file Expressions.s
   Uses
      None
Comment: Expressions unused
start 00000000

Symbol: start
   Definitions
      At line 5 in file Expressions.s
   Uses
      At line 3 in file Expressions.s
Comment: start used once
stop 00000070

Symbol: stop
   Definitions
      At line 44 in file Expressions.s
   Uses
      At line 44 in file Expressions.s
Comment: stop used once
3 symbols



ARM Macro Assembler    Page 1 Alphabetic symbol ordering
External symbols

main 00000000

Symbol: main
   Definitions
      At line 2 in file Expressions.s
   Uses
      None
Comment: main unused
1 symbol
341 symbols in table
