


ARM Macro Assembler    Page 1 


    1 00000000                 AREA             DisplayResult, CODE, READONLY
    2 00000000                 IMPORT           main
    3 00000000                 IMPORT           getkey
    4 00000000                 IMPORT           sendchar
    5 00000000                 IMPORT           fputs
    6 00000000                 EXPORT           start
    7 00000000                 PRESERVE8
    8 00000000         
    9 00000000         start
   10 00000000 E3A0100A        LDR              R1, =10     ; R1 = 0x32 (ASCII 
                                                            symbol '2')
   11 00000004 E3A02009        LDR              R2, =9      ; R2 = 0x34 (ASCII 
                                                            symbol '4') 
   12 00000008 E3A03001        LDR              R3, =1      ; R3 = 1 (result)
   13 0000000C E59FC060        LDR              R12, =718923 ; R12 = value (mea
                                                            n)
   14 00000010 E3A05000        MOV              R5,#0
   15 00000014         
   16 00000014         powers
   17 00000014 E153000C        CMP              R3,R12      ;while(Mean < power
                                                            s)
   18 00000018 2A000001        BHS              endPowers   ;{
   19 0000001C E0030391        MUL              R3,R1,R3    ; result = result*x
                                                            
   20 00000020 EAFFFFFB        B                powers      ;}
   21 00000024         endPowers
   22 00000024         
   23 00000024         display
   24 00000024 E35C0000        CMP              R12,#0
   25 00000028 9A000010        BLS              endDisplay
   26 0000002C         divPower
   27 0000002C E353000A        CMP              R3,#10      ;while(remainder >=
                                                             10)
   28 00000030 3A000002        BLO              endDivPower ;{
   29 00000034 E243300A        SUB              R3,R3,#10   ; remainder = remai
                                                            nder - 10;
   30 00000038 E2855001        ADD              R5,R5,#1    ; quotient = quotie
                                                            nt + 1;
   31 0000003C EAFFFFFA        B                divPower    ;}
   32 00000040         endDivPower
   33 00000040 E3A06000        MOV              R6,#0
   34 00000044         
   35 00000044         whiMean
   36 00000044 E15C0005        CMP              R12,R5      ;while(mean >= divi
                                                            sor)
   37 00000048 3A000002        BLO              endWhiMean  ;{
   38 0000004C E2866001        ADD              R6,R6,#1    ;  quotient = quoti
                                                            ent + 1
   39 00000050 E04CC005        SUB              R12,R12,R5  ; mean = mean - div
                                                            isor
   40 00000054 EAFFFFFA        B                whiMean     ;}
   41 00000058         endWhiMean
   42 00000058 E2866030        ADD              R6,R6,#0x30
   43 0000005C E1A00006        MOV              R0,R6
   44 00000060 EBFFFFFE        BL               sendchar
   45 00000064 E1A03005        MOV              R3,R5
   46 00000068 E3A05000        MOV              R5,#0
   47 0000006C EAFFFFEC        B                display
   48 00000070         endDisplay



ARM Macro Assembler    Page 2 


   49 00000070         
   50 00000070 EAFFFFFE 
                       stop    B                stop
   51 00000074         
   52 00000074                 END
              000AF84B 
Command Line: --debug --xref --apcs=interwork --depend=.\asciiadd.d -o.\asciiad
d.o -IC:\Keil\ARM\RV31\INC -IC:\Keil\ARM\CMSIS\Include -IC:\Keil\ARM\Inc\Philip
s --predefine="__EVAL SETA 1" --predefine="__MICROLIB SETA 1" --predefine="NO_C
LOCK_SETUP SETA 1" --predefine="NO_EMC_SETUP SETA 1" --predefine="RAM_INTVEC SE
TA 1" --predefine="RAM_MODE SETA 1" --predefine="REMAP SETA 1" --list=.\asciiad
d.lst AsciiAdd.s



ARM Macro Assembler    Page 1 Alphabetic symbol ordering
Relocatable symbols

DisplayResult 00000000

Symbol: DisplayResult
   Definitions
      At line 1 in file AsciiAdd.s
   Uses
      None
Comment: DisplayResult unused
display 00000024

Symbol: display
   Definitions
      At line 23 in file AsciiAdd.s
   Uses
      At line 47 in file AsciiAdd.s
Comment: display used once
divPower 0000002C

Symbol: divPower
   Definitions
      At line 26 in file AsciiAdd.s
   Uses
      At line 31 in file AsciiAdd.s
Comment: divPower used once
endDisplay 00000070

Symbol: endDisplay
   Definitions
      At line 48 in file AsciiAdd.s
   Uses
      At line 25 in file AsciiAdd.s
Comment: endDisplay used once
endDivPower 00000040

Symbol: endDivPower
   Definitions
      At line 32 in file AsciiAdd.s
   Uses
      At line 28 in file AsciiAdd.s
Comment: endDivPower used once
endPowers 00000024

Symbol: endPowers
   Definitions
      At line 21 in file AsciiAdd.s
   Uses
      At line 18 in file AsciiAdd.s
Comment: endPowers used once
endWhiMean 00000058

Symbol: endWhiMean
   Definitions
      At line 41 in file AsciiAdd.s
   Uses
      At line 37 in file AsciiAdd.s
Comment: endWhiMean used once
powers 00000014

Symbol: powers



ARM Macro Assembler    Page 2 Alphabetic symbol ordering
Relocatable symbols

   Definitions
      At line 16 in file AsciiAdd.s
   Uses
      At line 20 in file AsciiAdd.s
Comment: powers used once
start 00000000

Symbol: start
   Definitions
      At line 9 in file AsciiAdd.s
   Uses
      At line 6 in file AsciiAdd.s
Comment: start used once
stop 00000070

Symbol: stop
   Definitions
      At line 50 in file AsciiAdd.s
   Uses
      At line 50 in file AsciiAdd.s
Comment: stop used once
whiMean 00000044

Symbol: whiMean
   Definitions
      At line 35 in file AsciiAdd.s
   Uses
      At line 40 in file AsciiAdd.s
Comment: whiMean used once
11 symbols



ARM Macro Assembler    Page 1 Alphabetic symbol ordering
External symbols

fputs 00000000

Symbol: fputs
   Definitions
      At line 5 in file AsciiAdd.s
   Uses
      None
Comment: fputs unused
getkey 00000000

Symbol: getkey
   Definitions
      At line 3 in file AsciiAdd.s
   Uses
      None
Comment: getkey unused
main 00000000

Symbol: main
   Definitions
      At line 2 in file AsciiAdd.s
   Uses
      None
Comment: main unused
sendchar 00000000

Symbol: sendchar
   Definitions
      At line 4 in file AsciiAdd.s
   Uses
      At line 44 in file AsciiAdd.s
Comment: sendchar used once
4 symbols
354 symbols in table
