


ARM Macro Assembler    Page 1 


    1 00000000                 AREA             BubbleSort, CODE, READONLY
    2 00000000                 IMPORT           main
    3 00000000                 EXPORT           start
    4 00000000         
    5 00000000         start
    6 00000000 E59F407C        LDR              R4, =array  ; address of array
    7 00000004 E59F507C        LDR              R5, =arrayN ; address of array 
                                                            size
    8 00000008 E5955000        LDR              R5, [R5]    ; load array size
    9 0000000C E3A06001        LDR              R6, =1      ; swapped = true
   10 00000010         
   11 00000010         
   12 00000010         
   13 00000010         swapped
   14 00000010 E3560000        CMP              R6, #0
   15 00000014 0A000013        BEQ              notSwapped
   16 00000018 E3A06000        MOV              R6, #0
   17 0000001C E3A07000        LDR              R7, =0
   18 00000020 E59F5060        LDR              R5, =arrayN ; address of array 
                                                            size
   19 00000024 E5955000        LDR              R5, [R5]    ; load array size
   20 00000028         while
   21 00000028 E3550001        CMP              R5, #1
   22 0000002C 0A00000C        BEQ              endwhile
   23 00000030 E7948107        LDR              R8, [R4, R7, LSL #2]
   24 00000034 E2879001        ADD              R9, R7, #1
   25 00000038 E794A109        LDR              R10, [R4, R9, LSL #2]
   26 0000003C E158000A        CMP              R8, R10
   27 00000040 3A000004        BLO              isLess
   28 00000044 E1A00004        MOV              R0, R4
   29 00000048 E1A01007        MOV              R1, R7
   30 0000004C E1A02009        MOV              R2, R9
   31 00000050 EB000005        BL               swap
   32 00000054 E3A06001        MOV              R6, #1
   33 00000058         isLess
   34 00000058 E2877001        ADD              R7, R7, #1
   35 0000005C E2455001        SUB              R5, R5, #1
   36 00000060 EAFFFFF0        B                while
   37 00000064         endwhile
   38 00000064         
   39 00000064         
   40 00000064 EAFFFFE9        B                swapped
   41 00000068         notSwapped
   42 00000068         
   43 00000068         
   44 00000068         
   45 00000068 EAFFFFFE 
                       stop    B                stop
   46 0000006C         
   47 0000006C         
   48 0000006C         swap                                 ; swap subroutine
   49 0000006C E92D4030        STMFD            sp!, {R4-R5,lr} ; interface 
   50 00000070 E7904101        LDR              R4, [R0, R1, LSL #2] ; R0 = arr
                                                            ay address
   51 00000074 E7905102        LDR              R5, [R0, R2, LSL #2] ; R1 = i (
                                                             index of first val
                                                            ue to swap )
   52 00000078 E7804102        STR              R4, [R0, R2, LSL #2] ; R2 = j (
                                                             index of second va



ARM Macro Assembler    Page 2 


                                                            lue to swap )
   53 0000007C E7805101        STR              R5, [R0, R1, LSL #2]
   54 00000080 E8BD8030        LDMFD            sp!,{R4-R5,pc}
   55 00000084         
   56 00000084         
   57 00000084         
   58 00000084         
   59 00000084 00000000 
              00000000 
              00000000         AREA             TestArray, DATA, READWRITE
   60 00000000         
   61 00000000         ; Array Size
   62 00000000 0000000F 
                       arrayN  DCD              15
   63 00000004         
   64 00000004         ; Array Elements
   65 00000004 00000021 
              00000011 
              00000012 
              0000005C 
              00000031 
              0000001C 
              0000004E 
              0000004B 
              00000016 
              0000000D 
              00000013 
              0000000D 
              00000008 
              0000002C 
              00000023 array   DCD              33,17,18,92,49,28,78,75,22,13,1
9,13,8,44,35
   66 00000040         
   67 00000040                 END
Command Line: --debug --xref --apcs=interwork --depend=.\bubblesort.d -o.\bubbl
esort.o -IC:\Keil\ARM\RV31\INC -IC:\Keil\ARM\CMSIS\Include -IC:\Keil\ARM\Inc\Ph
ilips --predefine="__EVAL SETA 1" --predefine="__MICROLIB SETA 1" --predefine="
NO_CLOCK_SETUP SETA 1" --predefine="NO_EMC_SETUP SETA 1" --predefine="RAM_INTVE
C SETA 1" --predefine="RAM_MODE SETA 1" --predefine="REMAP SETA 1" --list=.\bub
blesort.lst BubbleSort.s



ARM Macro Assembler    Page 1 Alphabetic symbol ordering
Relocatable symbols

BubbleSort 00000000

Symbol: BubbleSort
   Definitions
      At line 1 in file BubbleSort.s
   Uses
      None
Comment: BubbleSort unused
endwhile 00000064

Symbol: endwhile
   Definitions
      At line 37 in file BubbleSort.s
   Uses
      At line 22 in file BubbleSort.s
Comment: endwhile used once
isLess 00000058

Symbol: isLess
   Definitions
      At line 33 in file BubbleSort.s
   Uses
      At line 27 in file BubbleSort.s
Comment: isLess used once
notSwapped 00000068

Symbol: notSwapped
   Definitions
      At line 41 in file BubbleSort.s
   Uses
      At line 15 in file BubbleSort.s
Comment: notSwapped used once
start 00000000

Symbol: start
   Definitions
      At line 5 in file BubbleSort.s
   Uses
      At line 3 in file BubbleSort.s
Comment: start used once
stop 00000068

Symbol: stop
   Definitions
      At line 45 in file BubbleSort.s
   Uses
      At line 45 in file BubbleSort.s
Comment: stop used once
swap 0000006C

Symbol: swap
   Definitions
      At line 48 in file BubbleSort.s
   Uses
      At line 31 in file BubbleSort.s
Comment: swap used once
swapped 00000010

Symbol: swapped



ARM Macro Assembler    Page 2 Alphabetic symbol ordering
Relocatable symbols

   Definitions
      At line 13 in file BubbleSort.s
   Uses
      At line 40 in file BubbleSort.s
Comment: swapped used once
while 00000028

Symbol: while
   Definitions
      At line 20 in file BubbleSort.s
   Uses
      At line 36 in file BubbleSort.s
Comment: while used once
9 symbols



ARM Macro Assembler    Page 1 Alphabetic symbol ordering
Relocatable symbols

TestArray 00000000

Symbol: TestArray
   Definitions
      At line 59 in file BubbleSort.s
   Uses
      None
Comment: TestArray unused
array 00000004

Symbol: array
   Definitions
      At line 65 in file BubbleSort.s
   Uses
      At line 6 in file BubbleSort.s
Comment: array used once
arrayN 00000000

Symbol: arrayN
   Definitions
      At line 62 in file BubbleSort.s
   Uses
      At line 7 in file BubbleSort.s
      At line 18 in file BubbleSort.s

3 symbols



ARM Macro Assembler    Page 1 Alphabetic symbol ordering
External symbols

main 00000000

Symbol: main
   Definitions
      At line 2 in file BubbleSort.s
   Uses
      None
Comment: main unused
1 symbol
352 symbols in table
