


ARM Macro Assembler    Page 1 


    1 00000000                 AREA             StackReverse, CODE, READONLY
    2 00000000                 IMPORT           main
    3 00000000                 EXPORT           start
    4 00000000         
    5 00000000         start
    6 00000000         
    7 00000000 E59F5030        LDR              R5, =string
    8 00000004 E3A04000        LDR              R4,=0
    9 00000008         
   10 00000008         while
   11 00000008 E4D56001        LDRB             R6, [R5], #1 ;pop R5 in R6
   12 0000000C E3560000        CMP              R6, #0      ;while ( R6 != 0)
   13 00000010 0A000001        BEQ              endWhi      ;{
   14 00000014 E4CD6001        STRB             R6, [SP], #1 ;  push R6 to SP
   15 00000018 EAFFFFFA        B                while
   16 0000001C         endWhi                               ;}
   17 0000001C E59F5014        LDR              R5, =string ;R5 = string  
   18 00000020         whileSTR
   19 00000020 E57D6001        LDRB             R6,[SP, #-1]! ;pop from R6 
   20 00000024 E3560000        CMP              R6, #0      ;while (R6 != 0)
   21 00000028 0A000001        BEQ              endSTR      ;{
   22 0000002C E4C56001        STRB             R6,[R5], #1 ;  push R6 to R5
   23 00000030 EAFFFFFA        B                whileSTR    ;}
   24 00000034         endSTR
   25 00000034         
   26 00000034         
   27 00000034 EAFFFFFE 
                       stop    B                stop
   28 00000038         
   29 00000038         
   30 00000038 00000000 
              00000000         AREA             TestString, DATA, READWRITE
   31 00000000         
   32 00000000 61 62 63 
              64 65 66 string  DCB              "abcdef"
   33 00000006         
   34 00000006                 END
Command Line: --debug --xref --apcs=interwork --depend=.\stackreverse.d -o.\sta
ckreverse.o -IC:\Keil\ARM\RV31\INC -IC:\Keil\ARM\CMSIS\Include -IC:\Keil\ARM\In
c\Philips --predefine="__EVAL SETA 1" --predefine="__MICROLIB SETA 1" --predefi
ne="NO_CLOCK_SETUP SETA 1" --predefine="NO_EMC_SETUP SETA 1" --predefine="RAM_I
NTVEC SETA 1" --predefine="RAM_MODE SETA 1" --predefine="REMAP SETA 1" --list=.
\stackreverse.lst StackReverse.s



ARM Macro Assembler    Page 1 Alphabetic symbol ordering
Relocatable symbols

StackReverse 00000000

Symbol: StackReverse
   Definitions
      At line 1 in file StackReverse.s
   Uses
      None
Comment: StackReverse unused
endSTR 00000034

Symbol: endSTR
   Definitions
      At line 24 in file StackReverse.s
   Uses
      At line 21 in file StackReverse.s
Comment: endSTR used once
endWhi 0000001C

Symbol: endWhi
   Definitions
      At line 16 in file StackReverse.s
   Uses
      At line 13 in file StackReverse.s
Comment: endWhi used once
start 00000000

Symbol: start
   Definitions
      At line 5 in file StackReverse.s
   Uses
      At line 3 in file StackReverse.s
Comment: start used once
stop 00000034

Symbol: stop
   Definitions
      At line 27 in file StackReverse.s
   Uses
      At line 27 in file StackReverse.s
Comment: stop used once
while 00000008

Symbol: while
   Definitions
      At line 10 in file StackReverse.s
   Uses
      At line 15 in file StackReverse.s
Comment: while used once
whileSTR 00000020

Symbol: whileSTR
   Definitions
      At line 18 in file StackReverse.s
   Uses
      At line 23 in file StackReverse.s
Comment: whileSTR used once
7 symbols



ARM Macro Assembler    Page 1 Alphabetic symbol ordering
Relocatable symbols

TestString 00000000

Symbol: TestString
   Definitions
      At line 30 in file StackReverse.s
   Uses
      None
Comment: TestString unused
string 00000000

Symbol: string
   Definitions
      At line 32 in file StackReverse.s
   Uses
      At line 7 in file StackReverse.s
      At line 17 in file StackReverse.s

2 symbols



ARM Macro Assembler    Page 1 Alphabetic symbol ordering
External symbols

main 00000000

Symbol: main
   Definitions
      At line 2 in file StackReverse.s
   Uses
      None
Comment: main unused
1 symbol
349 symbols in table
