


ARM Macro Assembler    Page 1 


    1 00000000         
    2 00000000                 AREA             SymmDiff, CODE, READONLY
    3 00000000                 IMPORT           main
    4 00000000                 EXPORT           start
    5 00000000         
    6 00000000         start
    7 00000000         
    8 00000000 E59F00EC        LDR              R0,=ASize
    9 00000004 E5900000        LDR              R0, [R0]
   10 00000008 E59F10E8        LDR              R1,=AElems
   11 0000000C E59F20E8        LDR              R2,=BSize
   12 00000010 E5922000        LDR              R2, [R2]
   13 00000014 E59F30E4        LDR              R3,=BElems
   14 00000018 E59FB0E4        LDR              R11,=CSize
   15 0000001C E59F50E4        LDR              R5,=CElems
   16 00000020         
   17 00000020         
   18 00000020 E3A06000        LDR              R6,=0
   19 00000024 E3A07000        LDR              R7,=0       ; memory increment
   20 00000028 E3A08000        LDR              R8,=0       ; count for Csize
   21 0000002C E3A09000        LDR              R9,=0       ; zero constant
   22 00000030 E3A0C000        LDR              R12,=0      ; scanCount
   23 00000034         
   24 00000034         whileA
   25 00000034 E3A07000        MOV              R7, #0
   26 00000038 E3500000        CMP              R0, #0
   27 0000003C 9A000010        BLS              endWhileA
   28 00000040 E2400001        SUB              R0, R0, #1
   29 00000044 E5914000        LDR              R4, [R1]
   30 00000048         scanB
   31 00000048 E15C0002        CMP              R12, R2
   32 0000004C 2A000006        BHS              endScanB
   33 00000050 E7936007        LDR              R6, [R3, R7]
   34 00000054 E1540006        CMP              R4, R6
   35 00000058 1A000000        BNE              notPairA
   36 0000005C         
   37 0000005C EA000005        B                pairA
   38 00000060         
   39 00000060         notPairA
   40 00000060 E28CC001        ADD              R12, R12, #1
   41 00000064 E2877004        ADD              R7, R7, #4
   42 00000068 EAFFFFF6        B                scanB
   43 0000006C         
   44 0000006C         endScanB
   45 0000006C E5854000        STR              R4, [R5]
   46 00000070 E2855004        ADD              R5, R5, #4
   47 00000074 E2888001        ADD              R8, R8, #1  ; Count for CSize
   48 00000078         pairA
   49 00000078 E2811004        ADD              R1, R1, #4
   50 0000007C E3A0C000        MOV              R12, #0
   51 00000080 EAFFFFEB        B                whileA
   52 00000084         endWhileA
   53 00000084         
   54 00000084 E59F0068        LDR              R0,=ASize
   55 00000088 E5900000        LDR              R0, [R0]
   56 0000008C E59F1064        LDR              R1,=AElems
   57 00000090 E59F2064        LDR              R2,=BSize
   58 00000094 E5922000        LDR              R2, [R2]
   59 00000098 E59F3060        LDR              R3,=BElems



ARM Macro Assembler    Page 2 


   60 0000009C         
   61 0000009C         whileB
   62 0000009C E3A07000        MOV              R7, #0
   63 000000A0 E3520000        CMP              R2, #0
   64 000000A4 9A000010        BLS              endWhileB
   65 000000A8 E2422001        SUB              R2, R2, #1
   66 000000AC E5934000        LDR              R4, [R3]
   67 000000B0         scanA
   68 000000B0 E15C0000        CMP              R12, R0
   69 000000B4 2A000006        BHS              endScanA
   70 000000B8 E7916007        LDR              R6, [R1, R7]
   71 000000BC E1540006        CMP              R4, R6
   72 000000C0 1A000000        BNE              notPairB
   73 000000C4         
   74 000000C4 EA000005        B                pairB
   75 000000C8         
   76 000000C8         notPairB
   77 000000C8 E28CC001        ADD              R12, R12, #1
   78 000000CC E2877004        ADD              R7, R7, #4
   79 000000D0 EAFFFFF6        B                scanA
   80 000000D4         
   81 000000D4         endScanA
   82 000000D4 E5854000        STR              R4, [R5]
   83 000000D8 E2855004        ADD              R5, R5, #4
   84 000000DC E2888001        ADD              R8, R8, #1  ; Count for CSize
   85 000000E0         pairB
   86 000000E0 E2833004        ADD              R3, R3, #4
   87 000000E4 E3A0C000        MOV              R12, #0
   88 000000E8 EAFFFFEB        B                whileB
   89 000000EC         endWhileB
   90 000000EC         
   91 000000EC E58B8000        STR              R8, [R11]
   92 000000F0         
   93 000000F0         
   94 000000F0 EAFFFFFE 
                       stop    B                stop
   95 000000F4         
   96 000000F4         
   97 000000F4 00000000 
              00000000 
              00000000 
              00000000 
              00000000 
              00000000 
              00000000 
              00000000 
              00000000 
              00000000         AREA             TestData, DATA, READWRITE
   98 00000000         
   99 00000000 00000008 
                       ASize   DCD              8           ; Number of element
                                                            s in A
  100 00000004 00000004 
              00000006 
              00000002 
              0000000D 
              00000013 
              00000000 
              00000001 



ARM Macro Assembler    Page 3 


              00000003 AElems  DCD              4,6,2,13,19,0,1,3 
                                                            ; Elements of A
  101 00000024         
  102 00000024 00000006 
                       BSize   DCD              6           ; Number of element
                                                            s in B
  103 00000028 0000000D 
              00000009 
              00000001 
              00000014 
              00000005 
              00000008 BElems  DCD              13,9,1,20,5,8 ; Elements of B
  104 00000040         
  105 00000040 00000000 
                       CSize   DCD              0           ; Number of element
                                                            s in C
  106 00000044 00 00 00 
              00 00 00 
              00 00 00 
              00 00 00 
              00 00 00 
              00 00 00 
              00 00 00 
              00 00 00 
              00 00 00 
              00 00 00 
              00 00 00 
              00 00 00 
              00 00 00 
              00 00 00 
              00 00 00 
              00 00 00 
              00 00 00 
              00 00 00 
              00 00    CElems  SPACE            56          ; Elements of C
  107 0000007C         
  108 0000007C                 END
Command Line: --debug --xref --apcs=interwork --depend=.\symmdiff.d -o.\symmdif
f.o -IC:\Keil\ARM\RV31\INC -IC:\Keil\ARM\CMSIS\Include -IC:\Keil\ARM\Inc\Philip
s --predefine="__EVAL SETA 1" --predefine="__MICROLIB SETA 1" --predefine="NO_C
LOCK_SETUP SETA 1" --predefine="NO_EMC_SETUP SETA 1" --predefine="RAM_INTVEC SE
TA 1" --predefine="RAM_MODE SETA 1" --predefine="REMAP SETA 1" --list=.\symmdif
f.lst SymmDiff.s



ARM Macro Assembler    Page 1 Alphabetic symbol ordering
Relocatable symbols

SymmDiff 00000000

Symbol: SymmDiff
   Definitions
      At line 2 in file SymmDiff.s
   Uses
      None
Comment: SymmDiff unused
endScanA 000000D4

Symbol: endScanA
   Definitions
      At line 81 in file SymmDiff.s
   Uses
      At line 69 in file SymmDiff.s
Comment: endScanA used once
endScanB 0000006C

Symbol: endScanB
   Definitions
      At line 44 in file SymmDiff.s
   Uses
      At line 32 in file SymmDiff.s
Comment: endScanB used once
endWhileA 00000084

Symbol: endWhileA
   Definitions
      At line 52 in file SymmDiff.s
   Uses
      At line 27 in file SymmDiff.s
Comment: endWhileA used once
endWhileB 000000EC

Symbol: endWhileB
   Definitions
      At line 89 in file SymmDiff.s
   Uses
      At line 64 in file SymmDiff.s
Comment: endWhileB used once
notPairA 00000060

Symbol: notPairA
   Definitions
      At line 39 in file SymmDiff.s
   Uses
      At line 35 in file SymmDiff.s
Comment: notPairA used once
notPairB 000000C8

Symbol: notPairB
   Definitions
      At line 76 in file SymmDiff.s
   Uses
      At line 72 in file SymmDiff.s
Comment: notPairB used once
pairA 00000078

Symbol: pairA



ARM Macro Assembler    Page 2 Alphabetic symbol ordering
Relocatable symbols

   Definitions
      At line 48 in file SymmDiff.s
   Uses
      At line 37 in file SymmDiff.s
Comment: pairA used once
pairB 000000E0

Symbol: pairB
   Definitions
      At line 85 in file SymmDiff.s
   Uses
      At line 74 in file SymmDiff.s
Comment: pairB used once
scanA 000000B0

Symbol: scanA
   Definitions
      At line 67 in file SymmDiff.s
   Uses
      At line 79 in file SymmDiff.s
Comment: scanA used once
scanB 00000048

Symbol: scanB
   Definitions
      At line 30 in file SymmDiff.s
   Uses
      At line 42 in file SymmDiff.s
Comment: scanB used once
start 00000000

Symbol: start
   Definitions
      At line 6 in file SymmDiff.s
   Uses
      At line 4 in file SymmDiff.s
Comment: start used once
stop 000000F0

Symbol: stop
   Definitions
      At line 94 in file SymmDiff.s
   Uses
      At line 94 in file SymmDiff.s
Comment: stop used once
whileA 00000034

Symbol: whileA
   Definitions
      At line 24 in file SymmDiff.s
   Uses
      At line 51 in file SymmDiff.s
Comment: whileA used once
whileB 0000009C

Symbol: whileB
   Definitions
      At line 61 in file SymmDiff.s
   Uses



ARM Macro Assembler    Page 3 Alphabetic symbol ordering
Relocatable symbols

      At line 88 in file SymmDiff.s
Comment: whileB used once
15 symbols



ARM Macro Assembler    Page 1 Alphabetic symbol ordering
Relocatable symbols

AElems 00000004

Symbol: AElems
   Definitions
      At line 100 in file SymmDiff.s
   Uses
      At line 10 in file SymmDiff.s
      At line 56 in file SymmDiff.s

ASize 00000000

Symbol: ASize
   Definitions
      At line 99 in file SymmDiff.s
   Uses
      At line 8 in file SymmDiff.s
      At line 54 in file SymmDiff.s

BElems 00000028

Symbol: BElems
   Definitions
      At line 103 in file SymmDiff.s
   Uses
      At line 13 in file SymmDiff.s
      At line 59 in file SymmDiff.s

BSize 00000024

Symbol: BSize
   Definitions
      At line 102 in file SymmDiff.s
   Uses
      At line 11 in file SymmDiff.s
      At line 57 in file SymmDiff.s

CElems 00000044

Symbol: CElems
   Definitions
      At line 106 in file SymmDiff.s
   Uses
      At line 15 in file SymmDiff.s
Comment: CElems used once
CSize 00000040

Symbol: CSize
   Definitions
      At line 105 in file SymmDiff.s
   Uses
      At line 14 in file SymmDiff.s
Comment: CSize used once
TestData 00000000

Symbol: TestData
   Definitions
      At line 97 in file SymmDiff.s
   Uses
      None



ARM Macro Assembler    Page 2 Alphabetic symbol ordering
Relocatable symbols

Comment: TestData unused
7 symbols



ARM Macro Assembler    Page 1 Alphabetic symbol ordering
External symbols

main 00000000

Symbol: main
   Definitions
      At line 3 in file SymmDiff.s
   Uses
      None
Comment: main unused
1 symbol
362 symbols in table
