


ARM Macro Assembler    Page 1 


    1 00000000                 AREA             ConsoleInput, CODE, READONLY
    2 00000000                 IMPORT           main
    3 00000000                 IMPORT           getkey
    4 00000000                 IMPORT           sendchar
    5 00000000                 IMPORT           fputs
    6 00000000                 EXPORT           start
    7 00000000                 PRESERVE8
    8 00000000         
    9 00000000         start
   10 00000000         
   11 00000000 E59F0054        LDR              R0,=hi
   12 00000004 E3A01000        LDR              R1,=0
   13 00000008 EBFFFFFE        BL               fputs
   14 0000000C E3A00000        MOV              R0,#0
   15 00000010 E3A04000        MOV              R4,#0
   16 00000014 E3A05000        MOV              R5,#0
   17 00000018 E3A0600A        MOV              R6,#0xA
   18 0000001C E3A07030        MOV              R7,#0x30
   19 00000020         read
   20 00000020 EBFFFFFE        BL               getkey      ; read key from con
                                                            sole
   21 00000024 E350000D        CMP              R0,#0x0D    ; while (key != CR)
                                                            
   22 00000028 0A000009        BEQ              endRead     ;
   23 0000002C E3500039        CMP              R0,#0x39    ;  if (key isDigit 
                                                            || minus )
   24 00000030 CAFFFFFA        BGT              read        ;  //i.e ASCII code
                                                            s are from 0x30 to 
                                                            0x39 inclusive
   25 00000034 E3500030        CMP              R0,#0x30    ;   key<0x39 && key
                                                            >0x30
   26 00000038 BAFFFFF8        BLT              read        ; {    
   27 0000003C EBFFFFFE        BL               sendchar    ;   
   28 00000040         ;
   29 00000040         ;
   30 00000040 E1A04000        MOV              R4,R0       ;  store R0 -> R4
   31 00000044 E0674004        RSB              R4,R7,R4    ;  changes from ASC
                                                            II code to value 
   32 00000048 E0050596        MUL              R5,R6,R5    ;   multiplies the 
                                                            value by ten if the
                                                            re is more than one
                                                             digit
   33 0000004C E0855004        ADD              R5,R5,R4    ;  adds the newest 
                                                            value to the multip
                                                            lied value 
   34 00000050         ; }
   35 00000050         ; Final value stored in R5
   36 00000050 EAFFFFF2        B                read
   37 00000054         
   38 00000054         endRead
   39 00000054         
   40 00000054 E1A04005        MOV              R4,R5
   41 00000058         
   42 00000058 EAFFFFFE 
                       stop    B                stop
   43 0000005C         
   44 0000005C         
   45 0000005C 00000000        AREA             MyStrings, DATA, READONLY
   46 00000000 49 6E 70 



ARM Macro Assembler    Page 2 


              75 74 20 
              76 61 6C 
              75 65 73 
              20 61 6E 
              64 20 70 
              72 65 73 
              73 20 72 
              65 74 75 
              72 6E 20 
              74 6F 20 
              73 74 6F 
              72 65 20 
              69 74 3E 
              20 00    hi      DCB              "Input values and press return 
to store it> ",0
   47 0000002C         
   48 0000002C                 END
Command Line: --debug --xref --apcs=interwork --depend=.\consoleinput.d -o.\con
soleinput.o -IC:\Keil\ARM\RV31\INC -IC:\Keil\ARM\CMSIS\Include -IC:\Keil\ARM\In
c\Philips --predefine="__EVAL SETA 1" --predefine="__MICROLIB SETA 1" --predefi
ne="NO_CLOCK_SETUP SETA 1" --predefine="NO_EMC_SETUP SETA 1" --predefine="RAM_I
NTVEC SETA 1" --predefine="RAM_MODE SETA 1" --predefine="REMAP SETA 1" --list=.
\consoleinput.lst ConsoleInput.s



ARM Macro Assembler    Page 1 Alphabetic symbol ordering
Relocatable symbols

ConsoleInput 00000000

Symbol: ConsoleInput
   Definitions
      At line 1 in file ConsoleInput.s
   Uses
      None
Comment: ConsoleInput unused
endRead 00000054

Symbol: endRead
   Definitions
      At line 38 in file ConsoleInput.s
   Uses
      At line 22 in file ConsoleInput.s
Comment: endRead used once
read 00000020

Symbol: read
   Definitions
      At line 19 in file ConsoleInput.s
   Uses
      At line 24 in file ConsoleInput.s
      At line 26 in file ConsoleInput.s
      At line 36 in file ConsoleInput.s

start 00000000

Symbol: start
   Definitions
      At line 9 in file ConsoleInput.s
   Uses
      At line 6 in file ConsoleInput.s
Comment: start used once
stop 00000058

Symbol: stop
   Definitions
      At line 42 in file ConsoleInput.s
   Uses
      At line 42 in file ConsoleInput.s
Comment: stop used once
5 symbols



ARM Macro Assembler    Page 1 Alphabetic symbol ordering
Relocatable symbols

MyStrings 00000000

Symbol: MyStrings
   Definitions
      At line 45 in file ConsoleInput.s
   Uses
      None
Comment: MyStrings unused
hi 00000000

Symbol: hi
   Definitions
      At line 46 in file ConsoleInput.s
   Uses
      At line 11 in file ConsoleInput.s
Comment: hi used once
2 symbols



ARM Macro Assembler    Page 1 Alphabetic symbol ordering
External symbols

fputs 00000000

Symbol: fputs
   Definitions
      At line 5 in file ConsoleInput.s
   Uses
      At line 13 in file ConsoleInput.s
Comment: fputs used once
getkey 00000000

Symbol: getkey
   Definitions
      At line 3 in file ConsoleInput.s
   Uses
      At line 20 in file ConsoleInput.s
Comment: getkey used once
main 00000000

Symbol: main
   Definitions
      At line 2 in file ConsoleInput.s
   Uses
      None
Comment: main unused
sendchar 00000000

Symbol: sendchar
   Definitions
      At line 4 in file ConsoleInput.s
   Uses
      At line 27 in file ConsoleInput.s
Comment: sendchar used once
4 symbols
350 symbols in table
